Arguments: 
  /Users/shoboi/.asdf/installs/nodejs/15.10.0/bin/node /Users/shoboi/.asdf/installs/nodejs/15.10.0/.npm/bin/yarn init

PATH: 
  /Users/shoboi/.asdf/installs/nodejs/15.10.0/.npm/bin:/Users/shoboi/.asdf/installs/nodejs/15.10.0/bin:/Users/shoboi/.asdf/shims:/usr/local/opt/asdf/bin:/usr/local/opt/fzf/bin:/usr/local/bin:/usr/bin:/bin:/usr/sbin:/sbin

Yarn version: 
  1.22.10

Node version: 
  15.10.0

Platform: 
  darwin x64

Trace: 
  Error: canceled
      at Interface.<anonymous> (/Users/shoboi/.asdf/installs/nodejs/15.10.0/.npm/lib/node_modules/yarn/lib/cli.js:136216:13)
      at Interface.emit (node:events:378:20)
      at Interface._ttyWrite (node:readline:973:16)
      at ReadStream.onkeypress (node:readline:259:10)
      at ReadStream.emit (node:events:378:20)
      at emitKeys (node:internal/readline/utils:358:14)
      at emitKeys.next (<anonymous>)
      at ReadStream.onData (node:readline:1242:36)
      at ReadStream.emit (node:events:378:20)
      at addChunk (node:internal/streams/readable:313:12)

npm manifest: 
  No manifest

yarn manifest: 
  No manifest

Lockfile: 
  No lockfile
